# JRE version: OpenJDK Runtime Environment (11.0.10) (build 11.0.10+0-b96-7249189)
# Java VM: OpenJDK 64-Bit Server VM (11.0.10+0-b96-7249189, mixed mode, tiered, compressed oops, g1 gc, windows-amd64)
Heap:
 garbage-first heap   total 277504K, used 182595K [0x0000000080000000, 0x0000000100000000)
  region size 1024K, 25 young (25600K), 4 survivors (4096K)
 Metaspace       used 105236K, capacity 108046K, committed 108200K, reserved 1142784K
  class space    used 13394K, capacity 14395K, committed 14412K, reserved 1048576K
GC Heap History (20 events):
Event: 112.171 GC heap before
{Heap before GC invocations=75 (full 0):
 garbage-first heap   total 157696K, used 134755K [0x0000000080000000, 0x0000000100000000)
  region size 1024K, 7 young (7168K), 1 survivors (1024K)
 Metaspace       used 100377K, capacity 102815K, committed 102952K, reserved 1138688K
  class space    used 12817K, capacity 13690K, committed 13772K, reserved 1048576K
}
Event: 112.184 GC heap after
{Heap after GC invocations=76 (full 0):
 garbage-first heap   total 277504K, used 131285K [0x0000000080000000, 0x0000000100000000)
  region size 1024K, 1 young (1024K), 1 survivors (1024K)
 Metaspace       used 100377K, capacity 102815K, committed 102952K, reserved 1138688K
  class space    used 12817K, capacity 13690K, committed 13772K, reserved 1048576K
}
Event: 113.426 GC heap before
{Heap before GC invocations=76 (full 0):
 garbage-first heap   total 277504K, used 143573K [0x0000000080000000, 0x0000000100000000)
  region size 1024K, 13 young (13312K), 1 survivors (1024K)
 Metaspace       used 101800K, capacity 104215K, committed 104360K, reserved 1140736K
  class space    used 13020K, capacity 13894K, committed 13900K, reserved 1048576K
}
Event: 113.450 GC heap after
{Heap after GC invocations=77 (full 0):
 garbage-first heap   total 277504K, used 133556K [0x0000000080000000, 0x0000000100000000)
  region size 1024K, 2 young (2048K), 2 survivors (2048K)
 Metaspace       used 101800K, capacity 104215K, committed 104360K, reserved 1140736K
  class space    used 13020K, capacity 13894K, committed 13900K, reserved 1048576K
}
Event: 118.785 GC heap before
{Heap before GC invocations=77 (full 0):
 garbage-first heap   total 277504K, used 171444K [0x0000000080000000, 0x0000000100000000)
  region size 1024K, 39 young (39936K), 2 survivors (2048K)
 Metaspace       used 102852K, capacity 105546K, committed 105640K, reserved 1140736K
  class space    used 13173K, capacity 14138K, committed 14156K, reserved 1048576K
}
Event: 118.807 GC heap after
{Heap after GC invocations=78 (full 0):
 garbage-first heap   total 277504K, used 137472K [0x0000000080000000, 0x0000000100000000)
  region size 1024K, 5 young (5120K), 5 survivors (5120K)
 Metaspace       used 102852K, capacity 105546K, committed 105640K, reserved 1140736K
  class space    used 13173K, capacity 14138K, committed 14156K, reserved 1048576K
}
Event: 124.139 GC heap before
{Heap before GC invocations=78 (full 0):
 garbage-first heap   total 277504K, used 181504K [0x0000000080000000, 0x0000000100000000)
  region size 1024K, 45 young (46080K), 5 survivors (5120K)
 Metaspace       used 103283K, capacity 105922K, committed 106280K, reserved 1140736K
  class space    used 13217K, capacity 14174K, committed 14284K, reserved 1048576K
}
Event: 124.167 GC heap after
{Heap after GC invocations=79 (full 0):
 garbage-first heap   total 277504K, used 147582K [0x0000000080000000, 0x0000000100000000)
  region size 1024K, 6 young (6144K), 6 survivors (6144K)
 Metaspace       used 103283K, capacity 105922K, committed 106280K, reserved 1140736K
  class space    used 13217K, capacity 14174K, committed 14284K, reserved 1048576K
}
Event: 126.049 GC heap before
{Heap before GC invocations=79 (full 0):
 garbage-first heap   total 277504K, used 196734K [0x0000000080000000, 0x0000000100000000)
  region size 1024K, 46 young (47104K), 6 survivors (6144K)
 Metaspace       used 103486K, capacity 106178K, committed 106280K, reserved 1140736K
  class space    used 13235K, capacity 14214K, committed 14284K, reserved 1048576K
}
Event: 126.077 GC heap after
{Heap after GC invocations=80 (full 0):
 garbage-first heap   total 277504K, used 162848K [0x0000000080000000, 0x0000000100000000)
  region size 1024K, 6 young (6144K), 6 survivors (6144K)
 Metaspace       used 103486K, capacity 106178K, committed 106280K, reserved 1140736K
  class space    used 13235K, capacity 14214K, committed 14284K, reserved 1048576K
}
Event: 131.842 GC heap before
{Heap before GC invocations=80 (full 0):
 garbage-first heap   total 277504K, used 200736K [0x0000000080000000, 0x0000000100000000)
  region size 1024K, 44 young (45056K), 6 survivors (6144K)
 Metaspace       used 104264K, capacity 107004K, committed 107176K, reserved 1142784K
  class space    used 13316K, capacity 14286K, committed 14412K, reserved 1048576K
}
Event: 131.855 GC heap after
{Heap after GC invocations=81 (full 0):
 garbage-first heap   total 277504K, used 159483K [0x0000000080000000, 0x0000000100000000)
  region size 1024K, 3 young (3072K), 3 survivors (3072K)
 Metaspace       used 104264K, capacity 107004K, committed 107176K, reserved 1142784K
  class space    used 13316K, capacity 14286K, committed 14412K, reserved 1048576K
}
Event: 137.289 GC heap before
{Heap before GC invocations=81 (full 0):
 garbage-first heap   total 277504K, used 201467K [0x0000000080000000, 0x0000000100000000)
  region size 1024K, 45 young (46080K), 3 survivors (3072K)
 Metaspace       used 105078K, capacity 107854K, committed 107944K, reserved 1142784K
  class space    used 13389K, capacity 14395K, committed 14412K, reserved 1048576K
}
Event: 137.295 GC heap after
{Heap after GC invocations=82 (full 0):
 garbage-first heap   total 277504K, used 159452K [0x0000000080000000, 0x0000000100000000)
  region size 1024K, 3 young (3072K), 3 survivors (3072K)
 Metaspace       used 105078K, capacity 107854K, committed 107944K, reserved 1142784K
  class space    used 13389K, capacity 14395K, committed 14412K, reserved 1048576K
}
Event: 140.242 GC heap before
{Heap before GC invocations=82 (full 0):
 garbage-first heap   total 277504K, used 207580K [0x0000000080000000, 0x0000000100000000)
  region size 1024K, 49 young (50176K), 3 survivors (3072K)
 Metaspace       used 105230K, capacity 108046K, committed 108200K, reserved 1142784K
  class space    used 13394K, capacity 14395K, committed 14412K, reserved 1048576K
}
Event: 140.249 GC heap after
{Heap after GC invocations=83 (full 0):
 garbage-first heap   total 277504K, used 161531K [0x0000000080000000, 0x0000000100000000)
  region size 1024K, 3 young (3072K), 3 survivors (3072K)
 Metaspace       used 105230K, capacity 108046K, committed 108200K, reserved 1142784K
  class space    used 13394K, capacity 14395K, committed 14412K, reserved 1048576K
}
Event: 141.561 GC heap before
{Heap before GC invocations=83 (full 0):
 garbage-first heap   total 277504K, used 210683K [0x0000000080000000, 0x0000000100000000)
  region size 1024K, 51 young (52224K), 3 survivors (3072K)
 Metaspace       used 105231K, capacity 108046K, committed 108200K, reserved 1142784K
  class space    used 13394K, capacity 14395K, committed 14412K, reserved 1048576K
}
Event: 141.566 GC heap after
{Heap after GC invocations=84 (full 0):
 garbage-first heap   total 277504K, used 161944K [0x0000000080000000, 0x0000000100000000)
  region size 1024K, 4 young (4096K), 4 survivors (4096K)
 Metaspace       used 105231K, capacity 108046K, committed 108200K, reserved 1142784K
  class space    used 13394K, capacity 14395K, committed 14412K, reserved 1048576K
}
Event: 142.495 GC heap before
{Heap before GC invocations=84 (full 0):
 garbage-first heap   total 277504K, used 214168K [0x0000000080000000, 0x0000000100000000)
  region size 1024K, 55 young (56320K), 4 survivors (4096K)
 Metaspace       used 105236K, capacity 108046K, committed 108200K, reserved 1142784K
  class space    used 13394K, capacity 14395K, committed 14412K, reserved 1048576K
}
Event: 142.505 GC heap after
{Heap after GC invocations=85 (full 0):
 garbage-first heap   total 277504K, used 162115K [0x0000000080000000, 0x0000000100000000)
  region size 1024K, 4 young (4096K), 4 survivors (4096K)
 Metaspace       used 105236K, capacity 108046K, committed 108200K, reserved 1142784K
  class space    used 13394K, capacity 14395K, committed 14412K, reserved 1048576K
}

