# JRE version: OpenJDK Runtime Environment (11.0.10) (build 11.0.10+0-b96-7249189)
# Java VM: OpenJDK 64-Bit Server VM (11.0.10+0-b96-7249189, mixed mode, tiered, compressed oops, g1 gc, windows-amd64)
Heap:
 garbage-first heap   total 349184K, used 182912K [0x0000000080000000, 0x0000000100000000)
  region size 1024K, 5 young (5120K), 5 survivors (5120K)
 Metaspace       used 138099K, capacity 141600K, committed 141824K, reserved 1173504K
  class space    used 16982K, capacity 18326K, committed 18432K, reserved 1048576K
GC Heap History (20 events):
Event: 3294.684 GC heap after
{Heap after GC invocations=293 (full 0):
 garbage-first heap   total 290816K, used 132538K [0x0000000080000000, 0x0000000100000000)
  region size 1024K, 2 young (2048K), 2 survivors (2048K)
 Metaspace       used 136853K, capacity 140360K, committed 140544K, reserved 1171456K
  class space    used 16853K, capacity 18160K, committed 18176K, reserved 1048576K
}
Event: 3294.793 GC heap before
{Heap before GC invocations=293 (full 0):
 garbage-first heap   total 290816K, used 144826K [0x0000000080000000, 0x0000000100000000)
  region size 1024K, 14 young (14336K), 2 survivors (2048K)
 Metaspace       used 136853K, capacity 140360K, committed 140544K, reserved 1171456K
  class space    used 16853K, capacity 18160K, committed 18176K, reserved 1048576K
}
Event: 3294.803 GC heap after
{Heap after GC invocations=294 (full 0):
 garbage-first heap   total 290816K, used 126794K [0x0000000080000000, 0x0000000100000000)
  region size 1024K, 1 young (1024K), 1 survivors (1024K)
 Metaspace       used 136853K, capacity 140360K, committed 140544K, reserved 1171456K
  class space    used 16853K, capacity 18160K, committed 18176K, reserved 1048576K
}
Event: 3296.126 GC heap before
{Heap before GC invocations=294 (full 0):
 garbage-first heap   total 290816K, used 247626K [0x0000000080000000, 0x0000000100000000)
  region size 1024K, 119 young (121856K), 1 survivors (1024K)
 Metaspace       used 136855K, capacity 140360K, committed 140544K, reserved 1171456K
  class space    used 16853K, capacity 18160K, committed 18176K, reserved 1048576K
}
Event: 3296.130 GC heap after
{Heap after GC invocations=295 (full 0):
 garbage-first heap   total 290816K, used 126988K [0x0000000080000000, 0x0000000100000000)
  region size 1024K, 2 young (2048K), 2 survivors (2048K)
 Metaspace       used 136855K, capacity 140360K, committed 140544K, reserved 1171456K
  class space    used 16853K, capacity 18160K, committed 18176K, reserved 1048576K
}
Event: 3297.399 GC heap before
{Heap before GC invocations=295 (full 0):
 garbage-first heap   total 290816K, used 247820K [0x0000000080000000, 0x0000000100000000)
  region size 1024K, 120 young (122880K), 2 survivors (2048K)
 Metaspace       used 136856K, capacity 140360K, committed 140544K, reserved 1171456K
  class space    used 16853K, capacity 18160K, committed 18176K, reserved 1048576K
}
Event: 3297.407 GC heap after
{Heap after GC invocations=296 (full 0):
 garbage-first heap   total 290816K, used 127308K [0x0000000080000000, 0x0000000100000000)
  region size 1024K, 2 young (2048K), 2 survivors (2048K)
 Metaspace       used 136856K, capacity 140360K, committed 140544K, reserved 1171456K
  class space    used 16853K, capacity 18160K, committed 18176K, reserved 1048576K
}
Event: 3298.388 GC heap before
{Heap before GC invocations=296 (full 0):
 garbage-first heap   total 290816K, used 250188K [0x0000000080000000, 0x0000000100000000)
  region size 1024K, 122 young (124928K), 2 survivors (2048K)
 Metaspace       used 136867K, capacity 140360K, committed 140544K, reserved 1171456K
  class space    used 16853K, capacity 18160K, committed 18176K, reserved 1048576K
}
Event: 3298.394 GC heap after
{Heap after GC invocations=297 (full 0):
 garbage-first heap   total 290816K, used 127957K [0x0000000080000000, 0x0000000100000000)
  region size 1024K, 3 young (3072K), 3 survivors (3072K)
 Metaspace       used 136867K, capacity 140360K, committed 140544K, reserved 1171456K
  class space    used 16853K, capacity 18160K, committed 18176K, reserved 1048576K
}
Event: 3299.694 GC heap before
{Heap before GC invocations=298 (full 0):
 garbage-first heap   total 290816K, used 250837K [0x0000000080000000, 0x0000000100000000)
  region size 1024K, 123 young (125952K), 3 survivors (3072K)
 Metaspace       used 136867K, capacity 140360K, committed 140544K, reserved 1171456K
  class space    used 16853K, capacity 18160K, committed 18176K, reserved 1048576K
}
Event: 3299.708 GC heap after
{Heap after GC invocations=299 (full 0):
 garbage-first heap   total 290816K, used 128197K [0x0000000080000000, 0x0000000100000000)
  region size 1024K, 3 young (3072K), 3 survivors (3072K)
 Metaspace       used 136867K, capacity 140360K, committed 140544K, reserved 1171456K
  class space    used 16853K, capacity 18160K, committed 18176K, reserved 1048576K
}
Event: 3299.835 GC heap before
{Heap before GC invocations=299 (full 0):
 garbage-first heap   total 290816K, used 139461K [0x0000000080000000, 0x0000000100000000)
  region size 1024K, 14 young (14336K), 3 survivors (3072K)
 Metaspace       used 136867K, capacity 140360K, committed 140544K, reserved 1171456K
  class space    used 16853K, capacity 18160K, committed 18176K, reserved 1048576K
}
Event: 3299.844 GC heap after
{Heap after GC invocations=300 (full 0):
 garbage-first heap   total 290816K, used 125447K [0x0000000080000000, 0x0000000100000000)
  region size 1024K, 1 young (1024K), 1 survivors (1024K)
 Metaspace       used 136867K, capacity 140360K, committed 140544K, reserved 1171456K
  class space    used 16853K, capacity 18160K, committed 18176K, reserved 1048576K
}
Event: 3303.233 GC heap before
{Heap before GC invocations=300 (full 0):
 garbage-first heap   total 290816K, used 265735K [0x0000000080000000, 0x0000000100000000)
  region size 1024K, 123 young (125952K), 1 survivors (1024K)
 Metaspace       used 138020K, capacity 141545K, committed 141824K, reserved 1173504K
  class space    used 16984K, capacity 18333K, committed 18432K, reserved 1048576K
}
Event: 3303.274 GC heap after
{Heap after GC invocations=301 (full 0):
 garbage-first heap   total 290816K, used 156430K [0x0000000080000000, 0x0000000100000000)
  region size 1024K, 16 young (16384K), 16 survivors (16384K)
 Metaspace       used 138020K, capacity 141545K, committed 141824K, reserved 1173504K
  class space    used 16984K, capacity 18333K, committed 18432K, reserved 1048576K
}
Event: 3306.059 GC heap before
{Heap before GC invocations=301 (full 0):
 garbage-first heap   total 290816K, used 236302K [0x0000000080000000, 0x0000000100000000)
  region size 1024K, 95 young (97280K), 16 survivors (16384K)
 Metaspace       used 138102K, capacity 141617K, committed 141824K, reserved 1173504K
  class space    used 16985K, capacity 18333K, committed 18432K, reserved 1048576K
}
Event: 3306.149 GC heap after
{Heap after GC invocations=302 (full 0):
 garbage-first heap   total 290816K, used 181199K [0x0000000080000000, 0x0000000100000000)
  region size 1024K, 12 young (12288K), 12 survivors (12288K)
 Metaspace       used 138102K, capacity 141617K, committed 141824K, reserved 1173504K
  class space    used 16985K, capacity 18333K, committed 18432K, reserved 1048576K
}
Event: 3306.379 GC heap before
{Heap before GC invocations=302 (full 0):
 garbage-first heap   total 290816K, used 189391K [0x0000000080000000, 0x0000000100000000)
  region size 1024K, 21 young (21504K), 12 survivors (12288K)
 Metaspace       used 138105K, capacity 141617K, committed 141824K, reserved 1173504K
  class space    used 16985K, capacity 18333K, committed 18432K, reserved 1048576K
}
Event: 3306.407 GC heap after
{Heap after GC invocations=303 (full 0):
 garbage-first heap   total 290816K, used 184320K [0x0000000080000000, 0x0000000100000000)
  region size 1024K, 2 young (2048K), 2 survivors (2048K)
 Metaspace       used 138105K, capacity 141617K, committed 141824K, reserved 1173504K
  class space    used 16985K, capacity 18333K, committed 18432K, reserved 1048576K
}
Event: 3308.552 GC heap before
{Heap before GC invocations=304 (full 0):
 garbage-first heap   total 290816K, used 214016K [0x0000000080000000, 0x0000000100000000)
  region size 1024K, 38 young (38912K), 2 survivors (2048K)
 Metaspace       used 138099K, capacity 141600K, committed 141824K, reserved 1173504K
  class space    used 16982K, capacity 18326K, committed 18432K, reserved 1048576K
}

