# JRE version: OpenJDK Runtime Environment (11.0.10) (build 11.0.10+0-b96-7249189)
# Java VM: OpenJDK 64-Bit Server VM (11.0.10+0-b96-7249189, mixed mode, tiered, compressed oops, g1 gc, windows-amd64)
Heap:
 garbage-first heap   total 220160K, used 42134K [0x0000000080000000, 0x0000000100000000)
  region size 1024K, 10 young (10240K), 10 survivors (10240K)
 Metaspace       used 51676K, capacity 53092K, committed 53372K, reserved 1095680K
  class space    used 6582K, capacity 7088K, committed 7168K, reserved 1048576K
GC Heap History (19 events):
Event: 1.631 GC heap before
{Heap before GC invocations=0 (full 0):
 garbage-first heap   total 131072K, used 16384K [0x0000000080000000, 0x0000000100000000)
  region size 1024K, 14 young (14336K), 0 survivors (0K)
 Metaspace       used 6786K, capacity 7001K, committed 7168K, reserved 1056768K
  class space    used 586K, capacity 650K, committed 768K, reserved 1048576K
}
Event: 1.813 GC heap after
{Heap after GC invocations=1 (full 0):
 garbage-first heap   total 131072K, used 4347K [0x0000000080000000, 0x0000000100000000)
  region size 1024K, 2 young (2048K), 2 survivors (2048K)
 Metaspace       used 6786K, capacity 7001K, committed 7168K, reserved 1056768K
  class space    used 586K, capacity 650K, committed 768K, reserved 1048576K
}
Event: 2.612 GC heap before
{Heap before GC invocations=1 (full 0):
 garbage-first heap   total 131072K, used 17659K [0x0000000080000000, 0x0000000100000000)
  region size 1024K, 12 young (12288K), 2 survivors (2048K)
 Metaspace       used 9834K, capacity 10034K, committed 10368K, reserved 1058816K
  class space    used 1022K, capacity 1070K, committed 1152K, reserved 1048576K
}
Event: 2.615 GC heap after
{Heap after GC invocations=2 (full 0):
 garbage-first heap   total 131072K, used 9180K [0x0000000080000000, 0x0000000100000000)
  region size 1024K, 2 young (2048K), 2 survivors (2048K)
 Metaspace       used 9834K, capacity 10034K, committed 10368K, reserved 1058816K
  class space    used 1022K, capacity 1070K, committed 1152K, reserved 1048576K
}
Event: 3.219 GC heap before
{Heap before GC invocations=2 (full 0):
 garbage-first heap   total 131072K, used 35804K [0x0000000080000000, 0x0000000100000000)
  region size 1024K, 28 young (28672K), 2 survivors (2048K)
 Metaspace       used 10815K, capacity 11083K, committed 11264K, reserved 1058816K
  class space    used 1126K, capacity 1206K, committed 1280K, reserved 1048576K
}
Event: 3.222 GC heap after
{Heap after GC invocations=3 (full 0):
 garbage-first heap   total 131072K, used 9650K [0x0000000080000000, 0x0000000100000000)
  region size 1024K, 3 young (3072K), 3 survivors (3072K)
 Metaspace       used 10815K, capacity 11083K, committed 11264K, reserved 1058816K
  class space    used 1126K, capacity 1206K, committed 1280K, reserved 1048576K
}
Event: 7.295 GC heap before
{Heap before GC invocations=3 (full 0):
 garbage-first heap   total 131072K, used 49586K [0x0000000080000000, 0x0000000100000000)
  region size 1024K, 42 young (43008K), 3 survivors (3072K)
 Metaspace       used 16893K, capacity 17340K, committed 17536K, reserved 1064960K
  class space    used 1940K, capacity 2085K, committed 2176K, reserved 1048576K
}
Event: 7.326 GC heap after
{Heap after GC invocations=4 (full 0):
 garbage-first heap   total 131072K, used 15623K [0x0000000080000000, 0x0000000100000000)
  region size 1024K, 6 young (6144K), 6 survivors (6144K)
 Metaspace       used 16893K, capacity 17340K, committed 17536K, reserved 1064960K
  class space    used 1940K, capacity 2085K, committed 2176K, reserved 1048576K
}
Event: 8.124 GC heap before
{Heap before GC invocations=4 (full 0):
 garbage-first heap   total 131072K, used 46343K [0x0000000080000000, 0x0000000100000000)
  region size 1024K, 37 young (37888K), 6 survivors (6144K)
 Metaspace       used 20635K, capacity 21166K, committed 21296K, reserved 1069056K
  class space    used 2514K, capacity 2688K, committed 2688K, reserved 1048576K
}
Event: 8.132 GC heap after
{Heap after GC invocations=5 (full 0):
 garbage-first heap   total 131072K, used 16800K [0x0000000080000000, 0x0000000100000000)
  region size 1024K, 6 young (6144K), 6 survivors (6144K)
 Metaspace       used 20635K, capacity 21166K, committed 21296K, reserved 1069056K
  class space    used 2514K, capacity 2688K, committed 2688K, reserved 1048576K
}
Event: 10.366 GC heap before
{Heap before GC invocations=6 (full 0):
 garbage-first heap   total 131072K, used 70048K [0x0000000080000000, 0x0000000100000000)
  region size 1024K, 58 young (59392K), 6 survivors (6144K)
 Metaspace       used 25968K, capacity 26565K, committed 26928K, reserved 1073152K
  class space    used 3390K, capacity 3599K, committed 3712K, reserved 1048576K
}
Event: 10.378 GC heap after
{Heap after GC invocations=7 (full 0):
 garbage-first heap   total 131072K, used 18777K [0x0000000080000000, 0x0000000100000000)
  region size 1024K, 4 young (4096K), 4 survivors (4096K)
 Metaspace       used 25968K, capacity 26565K, committed 26928K, reserved 1073152K
  class space    used 3390K, capacity 3599K, committed 3712K, reserved 1048576K
}
Event: 12.875 GC heap before
{Heap before GC invocations=7 (full 0):
 garbage-first heap   total 131072K, used 74073K [0x0000000080000000, 0x0000000100000000)
  region size 1024K, 60 young (61440K), 4 survivors (4096K)
 Metaspace       used 34879K, capacity 35655K, committed 35708K, reserved 1081344K
  class space    used 4540K, capacity 4864K, committed 4864K, reserved 1048576K
}
Event: 12.893 GC heap after
{Heap after GC invocations=8 (full 0):
 garbage-first heap   total 131072K, used 22446K [0x0000000080000000, 0x0000000100000000)
  region size 1024K, 7 young (7168K), 7 survivors (7168K)
 Metaspace       used 34879K, capacity 35655K, committed 35708K, reserved 1081344K
  class space    used 4540K, capacity 4864K, committed 4864K, reserved 1048576K
}
Event: 15.810 GC heap before
{Heap before GC invocations=9 (full 0):
 garbage-first heap   total 131072K, used 96174K [0x0000000080000000, 0x0000000100000000)
  region size 1024K, 76 young (77824K), 7 survivors (7168K)
 Metaspace       used 40323K, capacity 41272K, committed 41596K, reserved 1085440K
  class space    used 5182K, capacity 5531K, committed 5632K, reserved 1048576K
}
Event: 15.827 GC heap after
{Heap after GC invocations=10 (full 0):
 garbage-first heap   total 131072K, used 27542K [0x0000000080000000, 0x0000000100000000)
  region size 1024K, 9 young (9216K), 9 survivors (9216K)
 Metaspace       used 40323K, capacity 41272K, committed 41596K, reserved 1085440K
  class space    used 5182K, capacity 5531K, committed 5632K, reserved 1048576K
}
Event: 19.665 GC heap before
{Heap before GC invocations=10 (full 0):
 garbage-first heap   total 131072K, used 95126K [0x0000000080000000, 0x0000000100000000)
  region size 1024K, 75 young (76800K), 9 survivors (9216K)
 Metaspace       used 46160K, capacity 47367K, committed 47484K, reserved 1091584K
  class space    used 5909K, capacity 6347K, committed 6400K, reserved 1048576K
}
Event: 19.692 GC heap after
{Heap after GC invocations=11 (full 0):
 garbage-first heap   total 131072K, used 30485K [0x0000000080000000, 0x0000000100000000)
  region size 1024K, 9 young (9216K), 9 survivors (9216K)
 Metaspace       used 46160K, capacity 47367K, committed 47484K, reserved 1091584K
  class space    used 5909K, capacity 6347K, committed 6400K, reserved 1048576K
}
Event: 25.271 GC heap before
{Heap before GC invocations=11 (full 0):
 garbage-first heap   total 131072K, used 101141K [0x0000000080000000, 0x0000000100000000)
  region size 1024K, 75 young (76800K), 9 survivors (9216K)
 Metaspace       used 51676K, capacity 53092K, committed 53372K, reserved 1095680K
  class space    used 6582K, capacity 7088K, committed 7168K, reserved 1048576K
}

